mode: set
assignment_4/handlers/game_handler.go:20.55,27.52 2 0
assignment_4/handlers/game_handler.go:32.2,34.16 3 0
assignment_4/handlers/game_handler.go:39.2,42.16 3 0
assignment_4/handlers/game_handler.go:47.2,47.29 1 0
assignment_4/handlers/game_handler.go:27.52,30.3 2 0
assignment_4/handlers/game_handler.go:34.16,37.3 2 0
assignment_4/handlers/game_handler.go:42.16,45.3 2 0
assignment_4/handlers/game_handler.go:51.54,64.16 6 0
assignment_4/handlers/game_handler.go:69.2,69.29 1 0
assignment_4/handlers/game_handler.go:64.16,67.3 2 0
assignment_4/handlers/game_handler.go:72.66,74.2 1 0
assignment_4/handlers/transaction_handler.go:24.78,35.50 4 1
assignment_4/handlers/transaction_handler.go:50.2,51.16 2 1
assignment_4/handlers/transaction_handler.go:56.2,61.29 2 1
assignment_4/handlers/transaction_handler.go:35.50,37.17 2 1
assignment_4/handlers/transaction_handler.go:41.3,42.17 2 1
assignment_4/handlers/transaction_handler.go:46.3,47.47 2 0
assignment_4/handlers/transaction_handler.go:37.17,40.4 2 1
assignment_4/handlers/transaction_handler.go:42.17,45.4 2 1
assignment_4/handlers/transaction_handler.go:51.16,54.3 2 1
assignment_4/handlers/transaction_handler.go:65.69,71.47 2 1
assignment_4/handlers/transaction_handler.go:77.2,83.16 6 1
assignment_4/handlers/transaction_handler.go:88.2,93.34 2 1
assignment_4/handlers/transaction_handler.go:71.47,75.3 3 1
assignment_4/handlers/transaction_handler.go:83.16,86.3 2 1
assignment_4/handlers/transaction_handler.go:97.72,103.47 2 1
assignment_4/handlers/transaction_handler.go:109.2,114.16 5 1
assignment_4/handlers/transaction_handler.go:119.2,124.34 2 1
assignment_4/handlers/transaction_handler.go:103.47,107.3 3 1
assignment_4/handlers/transaction_handler.go:114.16,117.3 2 1
assignment_4/handlers/transaction_handler.go:127.87,129.2 1 1
assignment_4/handlers/user_handler.go:23.60,30.54 2 0
assignment_4/handlers/user_handler.go:35.2,36.16 2 0
assignment_4/handlers/user_handler.go:41.2,46.29 2 0
assignment_4/handlers/user_handler.go:30.54,33.3 2 0
assignment_4/handlers/user_handler.go:36.16,39.3 2 0
assignment_4/handlers/user_handler.go:50.59,57.51 2 0
assignment_4/handlers/user_handler.go:62.2,65.16 3 0
assignment_4/handlers/user_handler.go:70.2,74.29 2 0
assignment_4/handlers/user_handler.go:57.51,60.3 2 0
assignment_4/handlers/user_handler.go:65.16,68.3 2 0
assignment_4/handlers/user_handler.go:78.57,85.16 4 1
assignment_4/handlers/user_handler.go:90.2,91.16 2 1
assignment_4/handlers/user_handler.go:96.2,101.29 2 1
assignment_4/handlers/user_handler.go:85.16,88.3 2 0
assignment_4/handlers/user_handler.go:91.16,94.3 2 0
assignment_4/handlers/user_handler.go:105.55,111.45 2 1
assignment_4/handlers/user_handler.go:116.2,117.16 2 1
assignment_4/handlers/user_handler.go:121.2,125.29 2 1
assignment_4/handlers/user_handler.go:111.45,115.3 3 1
assignment_4/handlers/user_handler.go:117.16,120.3 2 0
assignment_4/handlers/user_handler.go:129.58,137.48 3 1
assignment_4/handlers/user_handler.go:144.2,145.16 2 1
assignment_4/handlers/user_handler.go:149.2,155.16 3 1
assignment_4/handlers/user_handler.go:159.2,169.34 3 1
assignment_4/handlers/user_handler.go:137.48,142.3 3 1
assignment_4/handlers/user_handler.go:145.16,148.3 2 0
assignment_4/handlers/user_handler.go:155.16,157.3 1 0
assignment_4/handlers/user_handler.go:172.66,174.2 1 1
